::1 - - [21/Feb/2025:11:57:55 +0000] "POST /api/users/register HTTP/1.1" 200 82 "http://localhost:3000/" "Mozilla/5.0 (Windows NT 10.0; Win64; x64) AppleWebKit/537.36 (KHTML, like Gecko) Chrome/133.0.0.0 Safari/537.36"
::1 - - [21/Feb/2025:13:14:57 +0000] "POST /api/users/register HTTP/1.1" 200 82 "http://localhost:3000/" "Mozilla/5.0 (Windows NT 10.0; Win64; x64) AppleWebKit/537.36 (KHTML, like Gecko) Chrome/133.0.0.0 Safari/537.36"
::1 - - [21/Feb/2025:13:15:27 +0000] "POST /api/users/verifyotp HTTP/1.1" 200 543 "http://localhost:3000/" "Mozilla/5.0 (Windows NT 10.0; Win64; x64) AppleWebKit/537.36 (KHTML, like Gecko) Chrome/133.0.0.0 Safari/537.36"
::1 - - [21/Feb/2025:13:15:34 +0000] "POST /api/users/login HTTP/1.1" 200 747 "http://localhost:3000/" "Mozilla/5.0 (Windows NT 10.0; Win64; x64) AppleWebKit/537.36 (KHTML, like Gecko) Chrome/133.0.0.0 Safari/537.36"
::1 - - [21/Feb/2025:13:15:50 +0000] "POST /api/users/login HTTP/1.1" 200 747 "http://localhost:3000/" "Mozilla/5.0 (iPhone; CPU iPhone OS 16_6 like Mac OS X) AppleWebKit/605.1.15 (KHTML, like Gecko) Version/16.6 Mobile/15E148 Safari/604.1"
::1 - - [21/Feb/2025:13:15:51 +0000] "POST /api/users/login HTTP/1.1" 200 747 "http://localhost:3000/" "Mozilla/5.0 (iPhone; CPU iPhone OS 16_6 like Mac OS X) AppleWebKit/605.1.15 (KHTML, like Gecko) Version/16.6 Mobile/15E148 Safari/604.1"
::1 - - [21/Feb/2025:13:15:51 +0000] "POST /api/users/login HTTP/1.1" 200 747 "http://localhost:3000/" "Mozilla/5.0 (iPhone; CPU iPhone OS 16_6 like Mac OS X) AppleWebKit/605.1.15 (KHTML, like Gecko) Version/16.6 Mobile/15E148 Safari/604.1"
::1 - - [21/Feb/2025:13:15:51 +0000] "POST /api/users/login HTTP/1.1" 200 747 "http://localhost:3000/" "Mozilla/5.0 (iPhone; CPU iPhone OS 16_6 like Mac OS X) AppleWebKit/605.1.15 (KHTML, like Gecko) Version/16.6 Mobile/15E148 Safari/604.1"
::1 - - [21/Feb/2025:13:16:00 +0000] "POST /api/users/login HTTP/1.1" 200 747 "http://localhost:3000/" "Mozilla/5.0 (iPhone; CPU iPhone OS 16_6 like Mac OS X) AppleWebKit/605.1.15 (KHTML, like Gecko) Version/16.6 Mobile/15E148 Safari/604.1"
::1 - - [21/Feb/2025:13:17:37 +0000] "POST /api/users/login HTTP/1.1" 200 747 "http://localhost:3000/" "Mozilla/5.0 (iPhone; CPU iPhone OS 16_6 like Mac OS X) AppleWebKit/605.1.15 (KHTML, like Gecko) Version/16.6 Mobile/15E148 Safari/604.1"
::1 - - [21/Feb/2025:13:17:54 +0000] "POST /api/users/login HTTP/1.1" 200 762 "http://localhost:3000/" "Mozilla/5.0 (iPhone; CPU iPhone OS 16_6 like Mac OS X) AppleWebKit/605.1.15 (KHTML, like Gecko) Version/16.6 Mobile/15E148 Safari/604.1"
::1 - - [21/Feb/2025:13:24:12 +0000] "POST /api/users/login HTTP/1.1" 200 762 "http://localhost:3000/" "Mozilla/5.0 (iPhone; CPU iPhone OS 16_6 like Mac OS X) AppleWebKit/605.1.15 (KHTML, like Gecko) Version/16.6 Mobile/15E148 Safari/604.1"
::1 - - [21/Feb/2025:13:27:54 +0000] "POST /api/users/login HTTP/1.1" 400 33 "http://localhost:3000/" "Mozilla/5.0 (iPhone; CPU iPhone OS 16_6 like Mac OS X) AppleWebKit/605.1.15 (KHTML, like Gecko) Version/16.6 Mobile/15E148 Safari/604.1"
::1 - - [21/Feb/2025:13:28:48 +0000] "POST /api/users/login HTTP/1.1" 400 33 "http://localhost:3000/" "Mozilla/5.0 (iPhone; CPU iPhone OS 16_6 like Mac OS X) AppleWebKit/605.1.15 (KHTML, like Gecko) Version/16.6 Mobile/15E148 Safari/604.1"
::1 - - [21/Feb/2025:13:28:56 +0000] "POST /api/users/login HTTP/1.1" 400 33 "http://localhost:3000/" "Mozilla/5.0 (iPhone; CPU iPhone OS 16_6 like Mac OS X) AppleWebKit/605.1.15 (KHTML, like Gecko) Version/16.6 Mobile/15E148 Safari/604.1"
::1 - - [21/Feb/2025:13:29:09 +0000] "POST /api/users/login HTTP/1.1" 400 33 "http://localhost:3000/" "Mozilla/5.0 (iPhone; CPU iPhone OS 16_6 like Mac OS X) AppleWebKit/605.1.15 (KHTML, like Gecko) Version/16.6 Mobile/15E148 Safari/604.1"
::1 - - [21/Feb/2025:13:29:23 +0000] "POST /api/users/login HTTP/1.1" 400 33 "http://localhost:3000/" "Mozilla/5.0 (iPhone; CPU iPhone OS 16_6 like Mac OS X) AppleWebKit/605.1.15 (KHTML, like Gecko) Version/16.6 Mobile/15E148 Safari/604.1"
::1 - - [21/Feb/2025:13:29:26 +0000] "POST /api/users/login HTTP/1.1" 200 762 "http://localhost:3000/" "Mozilla/5.0 (iPhone; CPU iPhone OS 16_6 like Mac OS X) AppleWebKit/605.1.15 (KHTML, like Gecko) Version/16.6 Mobile/15E148 Safari/604.1"
::1 - - [21/Feb/2025:13:29:58 +0000] "POST /api/users/register HTTP/1.1" 400 33 "http://localhost:3000/" "Mozilla/5.0 (iPhone; CPU iPhone OS 16_6 like Mac OS X) AppleWebKit/605.1.15 (KHTML, like Gecko) Version/16.6 Mobile/15E148 Safari/604.1"
::1 - - [21/Feb/2025:13:32:59 +0000] "POST /api/users/register HTTP/1.1" 400 33 "http://localhost:3000/" "Mozilla/5.0 (iPhone; CPU iPhone OS 16_6 like Mac OS X) AppleWebKit/605.1.15 (KHTML, like Gecko) Version/16.6 Mobile/15E148 Safari/604.1"
::1 - - [21/Feb/2025:13:33:01 +0000] "POST /api/users/register HTTP/1.1" 400 33 "http://localhost:3000/" "Mozilla/5.0 (iPhone; CPU iPhone OS 16_6 like Mac OS X) AppleWebKit/605.1.15 (KHTML, like Gecko) Version/16.6 Mobile/15E148 Safari/604.1"
::1 - - [21/Feb/2025:13:33:26 +0000] "POST /api/users/register HTTP/1.1" 200 79 "http://localhost:3000/" "Mozilla/5.0 (iPhone; CPU iPhone OS 16_6 like Mac OS X) AppleWebKit/605.1.15 (KHTML, like Gecko) Version/16.6 Mobile/15E148 Safari/604.1"
::1 - - [21/Feb/2025:13:34:00 +0000] "POST /api/users/register HTTP/1.1" 400 33 "http://localhost:3000/" "Mozilla/5.0 (iPhone; CPU iPhone OS 16_6 like Mac OS X) AppleWebKit/605.1.15 (KHTML, like Gecko) Version/16.6 Mobile/15E148 Safari/604.1"
::1 - - [21/Feb/2025:13:39:13 +0000] "POST /api/users/login HTTP/1.1" 400 57 "http://localhost:3000/" "Mozilla/5.0 (iPhone; CPU iPhone OS 16_6 like Mac OS X) AppleWebKit/605.1.15 (KHTML, like Gecko) Version/16.6 Mobile/15E148 Safari/604.1"
::1 - - [21/Feb/2025:13:39:16 +0000] "POST /api/users/login HTTP/1.1" 400 33 "http://localhost:3000/" "Mozilla/5.0 (iPhone; CPU iPhone OS 16_6 like Mac OS X) AppleWebKit/605.1.15 (KHTML, like Gecko) Version/16.6 Mobile/15E148 Safari/604.1"
::1 - - [21/Feb/2025:13:46:13 +0000] "POST /api/users/login HTTP/1.1" 400 33 "http://localhost:3000/" "Mozilla/5.0 (iPhone; CPU iPhone OS 16_6 like Mac OS X) AppleWebKit/605.1.15 (KHTML, like Gecko) Version/16.6 Mobile/15E148 Safari/604.1"
::1 - - [21/Feb/2025:13:59:30 +0000] "POST /api/users/login HTTP/1.1" 200 762 "http://localhost:3000/" "Mozilla/5.0 (iPhone; CPU iPhone OS 16_6 like Mac OS X) AppleWebKit/605.1.15 (KHTML, like Gecko) Version/16.6 Mobile/15E148 Safari/604.1"
::1 - - [21/Feb/2025:18:21:52 +0000] "POST /api/users/register HTTP/1.1" 200 79 "http://localhost:3000/" "Mozilla/5.0 (Windows NT 10.0; Win64; x64) AppleWebKit/537.36 (KHTML, like Gecko) Chrome/133.0.0.0 Safari/537.36"
::1 - - [21/Feb/2025:18:22:08 +0000] "POST /api/users/verifyotp HTTP/1.1" 200 563 "http://localhost:3000/" "Mozilla/5.0 (Windows NT 10.0; Win64; x64) AppleWebKit/537.36 (KHTML, like Gecko) Chrome/133.0.0.0 Safari/537.36"
::1 - - [21/Feb/2025:18:22:17 +0000] "POST /api/users/login HTTP/1.1" 200 782 "http://localhost:3000/" "Mozilla/5.0 (Windows NT 10.0; Win64; x64) AppleWebKit/537.36 (KHTML, like Gecko) Chrome/133.0.0.0 Safari/537.36"
::1 - - [21/Feb/2025:18:22:23 +0000] "GET /api/users/searchUser?searchQuery=f HTTP/1.1" 500 65 "http://localhost:3000/" "Mozilla/5.0 (iPhone; CPU iPhone OS 16_6 like Mac OS X) AppleWebKit/605.1.15 (KHTML, like Gecko) Version/16.6 Mobile/15E148 Safari/604.1"
::1 - - [21/Feb/2025:18:22:41 +0000] "GET /api/users/searchUser?searchQuery=f HTTP/1.1" 500 65 "http://localhost:3000/" "Mozilla/5.0 (Windows NT 10.0; Win64; x64) AppleWebKit/537.36 (KHTML, like Gecko) Chrome/133.0.0.0 Safari/537.36"
::1 - - [21/Feb/2025:18:23:53 +0000] "GET /api/users/searchUser?searchQuery=f HTTP/1.1" 500 65 "http://localhost:3000/" "Mozilla/5.0 (iPhone; CPU iPhone OS 16_6 like Mac OS X) AppleWebKit/605.1.15 (KHTML, like Gecko) Version/16.6 Mobile/15E148 Safari/604.1"
::1 - - [21/Feb/2025:18:24:54 +0000] "GET /api/users/searchUser?searchQuery=f HTTP/1.1" 500 65 "http://localhost:3000/" "Mozilla/5.0 (iPhone; CPU iPhone OS 16_6 like Mac OS X) AppleWebKit/605.1.15 (KHTML, like Gecko) Version/16.6 Mobile/15E148 Safari/604.1"
::1 - - [21/Feb/2025:18:26:19 +0000] "GET /api/users/searchUser?searchQuery=fa HTTP/1.1" 500 65 "http://localhost:3000/" "Mozilla/5.0 (iPhone; CPU iPhone OS 16_6 like Mac OS X) AppleWebKit/605.1.15 (KHTML, like Gecko) Version/16.6 Mobile/15E148 Safari/604.1"
::1 - - [21/Feb/2025:18:27:59 +0000] "GET /api/users/searchUser?searchQuery=fa HTTP/1.1" 500 65 "http://localhost:3000/" "Mozilla/5.0 (iPhone; CPU iPhone OS 16_6 like Mac OS X) AppleWebKit/605.1.15 (KHTML, like Gecko) Version/16.6 Mobile/15E148 Safari/604.1"
::1 - - [21/Feb/2025:18:28:35 +0000] "GET /api/users/searchUser?searchQuery=fa HTTP/1.1" 500 65 "http://localhost:3000/" "Mozilla/5.0 (iPhone; CPU iPhone OS 16_6 like Mac OS X) AppleWebKit/605.1.15 (KHTML, like Gecko) Version/16.6 Mobile/15E148 Safari/604.1"
::1 - - [21/Feb/2025:18:28:41 +0000] "GET /api/users/searchUser?searchQuery=fa HTTP/1.1" 500 65 "http://localhost:3000/" "Mozilla/5.0 (iPhone; CPU iPhone OS 16_6 like Mac OS X) AppleWebKit/605.1.15 (KHTML, like Gecko) Version/16.6 Mobile/15E148 Safari/604.1"
::1 - - [21/Feb/2025:18:29:28 +0000] "GET /api/users/searchUser?searchQuery=fay HTTP/1.1" 500 65 "http://localhost:3000/" "Mozilla/5.0 (iPhone; CPU iPhone OS 16_6 like Mac OS X) AppleWebKit/605.1.15 (KHTML, like Gecko) Version/16.6 Mobile/15E148 Safari/604.1"
::1 - - [21/Feb/2025:18:30:12 +0000] "GET /api/users/searchUser?searchQuery=faa HTTP/1.1" 500 65 "http://localhost:3000/" "Mozilla/5.0 (iPhone; CPU iPhone OS 16_6 like Mac OS X) AppleWebKit/605.1.15 (KHTML, like Gecko) Version/16.6 Mobile/15E148 Safari/604.1"
::1 - - [21/Feb/2025:18:32:48 +0000] "POST /api/users/searchUser?=fayis HTTP/1.1" 404 160 "-" "PostmanRuntime/7.43.0"
::1 - - [21/Feb/2025:18:32:54 +0000] "GET /api/users/searchUser?=fayis HTTP/1.1" 500 65 "-" "PostmanRuntime/7.43.0"
::1 - - [21/Feb/2025:18:33:18 +0000] "GET /api/users/searchUser?=fayis HTTP/1.1" 500 64 "-" "PostmanRuntime/7.43.0"
::1 - - [21/Feb/2025:18:33:49 +0000] "GET /api/users/searchUser?=fayis HTTP/1.1" 500 64 "-" "PostmanRuntime/7.43.0"
::1 - - [21/Feb/2025:18:33:52 +0000] "GET /api/users/searchUser?=fayis HTTP/1.1" 500 64 "-" "PostmanRuntime/7.43.0"
::1 - - [21/Feb/2025:18:34:11 +0000] "GET /api/users/searchUser?=fayis HTTP/1.1" 500 65 "-" "PostmanRuntime/7.43.0"
::1 - - [21/Feb/2025:18:35:54 +0000] "GET /api/users/searchUser?=fayis HTTP/1.1" 401 42 "-" "PostmanRuntime/7.43.0"
::1 - - [21/Feb/2025:18:36:05 +0000] "GET /api/users/searchUser?searchQuery=faa HTTP/1.1" 200 2 "http://localhost:3000/" "Mozilla/5.0 (iPhone; CPU iPhone OS 16_6 like Mac OS X) AppleWebKit/605.1.15 (KHTML, like Gecko) Version/16.6 Mobile/15E148 Safari/604.1"
::1 - - [21/Feb/2025:18:36:10 +0000] "GET /api/users/searchUser?searchQuery=fay HTTP/1.1" 200 283 "http://localhost:3000/" "Mozilla/5.0 (iPhone; CPU iPhone OS 16_6 like Mac OS X) AppleWebKit/605.1.15 (KHTML, like Gecko) Version/16.6 Mobile/15E148 Safari/604.1"
::1 - - [21/Feb/2025:18:36:13 +0000] "GET /api/users/searchUser?searchQuery=fay HTTP/1.1" 200 283 "http://localhost:3000/" "Mozilla/5.0 (iPhone; CPU iPhone OS 16_6 like Mac OS X) AppleWebKit/605.1.15 (KHTML, like Gecko) Version/16.6 Mobile/15E148 Safari/604.1"
::1 - - [21/Feb/2025:18:36:13 +0000] "GET /api/users/searchUser?searchQuery=fay HTTP/1.1" 200 283 "http://localhost:3000/" "Mozilla/5.0 (iPhone; CPU iPhone OS 16_6 like Mac OS X) AppleWebKit/605.1.15 (KHTML, like Gecko) Version/16.6 Mobile/15E148 Safari/604.1"
::1 - - [21/Feb/2025:18:36:16 +0000] "GET /api/users/searchUser?searchQuery=fay HTTP/1.1" 200 283 "http://localhost:3000/" "Mozilla/5.0 (iPhone; CPU iPhone OS 16_6 like Mac OS X) AppleWebKit/605.1.15 (KHTML, like Gecko) Version/16.6 Mobile/15E148 Safari/604.1"
::1 - - [21/Feb/2025:18:36:44 +0000] "GET /api/users/searchUser?searchQuery=fayisBroo HTTP/1.1" 200 2 "http://localhost:3000/" "Mozilla/5.0 (iPhone; CPU iPhone OS 16_6 like Mac OS X) AppleWebKit/605.1.15 (KHTML, like Gecko) Version/16.6 Mobile/15E148 Safari/604.1"
::1 - - [21/Feb/2025:18:36:46 +0000] "GET /api/users/searchUser?searchQuery=fayisBroo HTTP/1.1" 200 2 "http://localhost:3000/" "Mozilla/5.0 (iPhone; CPU iPhone OS 16_6 like Mac OS X) AppleWebKit/605.1.15 (KHTML, like Gecko) Version/16.6 Mobile/15E148 Safari/604.1"
::1 - - [21/Feb/2025:18:36:56 +0000] "GET /api/users/searchUser?searchQuery=fayisBroo HTTP/1.1" 200 2 "http://localhost:3000/" "Mozilla/5.0 (iPhone; CPU iPhone OS 16_6 like Mac OS X) AppleWebKit/605.1.15 (KHTML, like Gecko) Version/16.6 Mobile/15E148 Safari/604.1"
::1 - - [21/Feb/2025:18:37:12 +0000] "GET /api/users/searchUser?searchQuery=fayfayis74%40gmail.com HTTP/1.1" 200 2 "http://localhost:3000/" "Mozilla/5.0 (iPhone; CPU iPhone OS 16_6 like Mac OS X) AppleWebKit/605.1.15 (KHTML, like Gecko) Version/16.6 Mobile/15E148 Safari/604.1"
::1 - - [21/Feb/2025:18:37:38 +0000] "GET /api/users/searchUser?searchQuery=fayfayis74%40gmail.com HTTP/1.1" 200 2 "http://localhost:3000/" "Mozilla/5.0 (iPhone; CPU iPhone OS 16_6 like Mac OS X) AppleWebKit/605.1.15 (KHTML, like Gecko) Version/16.6 Mobile/15E148 Safari/604.1"
::1 - - [21/Feb/2025:18:40:00 +0000] "GET /api/users/searchUser?searchQuery=fay HTTP/1.1" 200 286 "http://localhost:3000/" "Mozilla/5.0 (Windows NT 10.0; Win64; x64) AppleWebKit/537.36 (KHTML, like Gecko) Chrome/133.0.0.0 Safari/537.36"
::1 - - [21/Feb/2025:18:44:25 +0000] "GET /api/users/searchUser?searchQuery=f HTTP/1.1" 200 286 "http://localhost:3000/" "Mozilla/5.0 (Windows NT 10.0; Win64; x64) AppleWebKit/537.36 (KHTML, like Gecko) Chrome/133.0.0.0 Safari/537.36"
::1 - - [21/Feb/2025:18:44:28 +0000] "GET /api/users/searchUser?searchQuery= HTTP/1.1" 400 37 "http://localhost:3000/" "Mozilla/5.0 (Windows NT 10.0; Win64; x64) AppleWebKit/537.36 (KHTML, like Gecko) Chrome/133.0.0.0 Safari/537.36"
::1 - - [21/Feb/2025:18:46:36 +0000] "GET /api/users/searchUser?searchQuery=fayi HTTP/1.1" 200 286 "http://localhost:3000/" "Mozilla/5.0 (Windows NT 10.0; Win64; x64) AppleWebKit/537.36 (KHTML, like Gecko) Chrome/133.0.0.0 Safari/537.36"
